<?xml version="1.0" encoding="UTF-8" ?>
<testsuite failures="1" time="1.05" errors="0" skipped="0" tests="5" name="org.apache.camel.component.hazelcast.TestHazelcastMapProducer">
  <properties>
    <property name="java.runtime.name" value="OpenJDK Runtime Environment"/>
    <property name="sun.boot.library.path" value="/usr/lib/jvm/java-6-openjdk/jre/lib/amd64"/>
    <property name="java.vm.version" value="19.0-b09"/>
    <property name="java.vm.vendor" value="Sun Microsystems Inc."/>
    <property name="java.vendor.url" value="http://java.sun.com/"/>
    <property name="path.separator" value=":"/>
    <property name="java.vm.name" value="OpenJDK 64-Bit Server VM"/>
    <property name="file.encoding.pkg" value="sun.io"/>
    <property name="user.country" value="US"/>
    <property name="sun.java.launcher" value="SUN_STANDARD"/>
    <property name="sun.os.patch.level" value="unknown"/>
    <property name="org.apache.camel.jmx.disabled" value="true"/>
    <property name="java.vm.specification.name" value="Java Virtual Machine Specification"/>
    <property name="user.dir" value="/home/omicron/workspace/playground/java/source/camel-hazelcast"/>
    <property name="java.runtime.version" value="1.6.0_20-b20"/>
    <property name="java.awt.graphicsenv" value="sun.awt.X11GraphicsEnvironment"/>
    <property name="basedir" value="/home/omicron/workspace/playground/java/source/camel-hazelcast"/>
    <property name="java.endorsed.dirs" value="/usr/lib/jvm/java-6-openjdk/jre/lib/endorsed"/>
    <property name="os.arch" value="amd64"/>
    <property name="surefire.real.class.path" value="/tmp/surefirebooter5318455113591557384.jar"/>
    <property name="java.io.tmpdir" value="/tmp"/>
    <property name="line.separator" value="
"/>
    <property name="java.vm.specification.vendor" value="Sun Microsystems Inc."/>
    <property name="os.name" value="Linux"/>
    <property name="sun.jnu.encoding" value="UTF-8"/>
    <property name="java.library.path" value="/usr/lib/jvm/java-6-openjdk/jre/lib/amd64/server:/usr/lib/jvm/java-6-openjdk/jre/lib/amd64:/usr/lib/jvm/java-6-openjdk/jre/../lib/amd64:/usr/lib64/xulrunner-addons:/usr/lib64/xulrunner-addons:/usr/java/packages/lib/amd64:/usr/lib/jni:/lib:/usr/lib"/>
    <property name="surefire.test.class.path" value="/home/omicron/workspace/playground/java/source/camel-hazelcast/target/test-classes:/home/omicron/workspace/playground/java/source/camel-hazelcast/target/classes:/opt/development/maven-repo/org/apache/camel/camel-core/2.5.0/camel-core-2.5.0.jar:/opt/development/maven-repo/commons-logging/commons-logging-api/1.1/commons-logging-api-1.1.jar:/opt/development/maven-repo/org/fusesource/commonman/commons-management/1.0/commons-management-1.0.jar:/usr/lib/jvm/java-6-openjdk/jre/../lib/tools.jar:/opt/development/maven-repo/com/hazelcast/hazelcast/1.9.2/hazelcast-1.9.2.jar:/opt/development/maven-repo/junit/junit/4.8.1/junit-4.8.1.jar:/opt/development/maven-repo/org/apache/camel/camel-test/2.5.0/camel-test-2.5.0.jar:/opt/development/maven-repo/org/apache/camel/camel-spring/2.5.0/camel-spring-2.5.0.jar:/opt/development/maven-repo/org/springframework/spring-context/3.0.4.RELEASE/spring-context-3.0.4.RELEASE.jar:/opt/development/maven-repo/org/springframework/spring-aop/3.0.4.RELEASE/spring-aop-3.0.4.RELEASE.jar:/opt/development/maven-repo/aopalliance/aopalliance/1.0/aopalliance-1.0.jar:/opt/development/maven-repo/org/springframework/spring-asm/3.0.4.RELEASE/spring-asm-3.0.4.RELEASE.jar:/opt/development/maven-repo/org/springframework/spring-beans/3.0.4.RELEASE/spring-beans-3.0.4.RELEASE.jar:/opt/development/maven-repo/org/springframework/spring-core/3.0.4.RELEASE/spring-core-3.0.4.RELEASE.jar:/opt/development/maven-repo/commons-logging/commons-logging/1.1.1/commons-logging-1.1.1.jar:/opt/development/maven-repo/org/springframework/spring-expression/3.0.4.RELEASE/spring-expression-3.0.4.RELEASE.jar:/opt/development/maven-repo/org/springframework/spring-tx/3.0.4.RELEASE/spring-tx-3.0.4.RELEASE.jar:"/>
    <property name="java.specification.name" value="Java Platform API Specification"/>
    <property name="java.class.version" value="50.0"/>
    <property name="java.net.preferIPv4Stack" value="true"/>
    <property name="sun.management.compiler" value="HotSpot 64-Bit Server Compiler"/>
    <property name="os.version" value="2.6.32-28-generic"/>
    <property name="user.home" value="/home/omicron"/>
    <property name="user.timezone" value="Europe/Athens"/>
    <property name="java.awt.printerjob" value="sun.print.PSPrinterJob"/>
    <property name="java.specification.version" value="1.6"/>
    <property name="file.encoding" value="UTF-8"/>
    <property name="user.name" value="omicron"/>
    <property name="java.class.path" value="/home/omicron/workspace/playground/java/source/camel-hazelcast/target/test-classes:/home/omicron/workspace/playground/java/source/camel-hazelcast/target/classes:/opt/development/maven-repo/org/apache/camel/camel-core/2.5.0/camel-core-2.5.0.jar:/opt/development/maven-repo/commons-logging/commons-logging-api/1.1/commons-logging-api-1.1.jar:/opt/development/maven-repo/org/fusesource/commonman/commons-management/1.0/commons-management-1.0.jar:/usr/lib/jvm/java-6-openjdk/jre/../lib/tools.jar:/opt/development/maven-repo/com/hazelcast/hazelcast/1.9.2/hazelcast-1.9.2.jar:/opt/development/maven-repo/junit/junit/4.8.1/junit-4.8.1.jar:/opt/development/maven-repo/org/apache/camel/camel-test/2.5.0/camel-test-2.5.0.jar:/opt/development/maven-repo/org/apache/camel/camel-spring/2.5.0/camel-spring-2.5.0.jar:/opt/development/maven-repo/org/springframework/spring-context/3.0.4.RELEASE/spring-context-3.0.4.RELEASE.jar:/opt/development/maven-repo/org/springframework/spring-aop/3.0.4.RELEASE/spring-aop-3.0.4.RELEASE.jar:/opt/development/maven-repo/aopalliance/aopalliance/1.0/aopalliance-1.0.jar:/opt/development/maven-repo/org/springframework/spring-asm/3.0.4.RELEASE/spring-asm-3.0.4.RELEASE.jar:/opt/development/maven-repo/org/springframework/spring-beans/3.0.4.RELEASE/spring-beans-3.0.4.RELEASE.jar:/opt/development/maven-repo/org/springframework/spring-core/3.0.4.RELEASE/spring-core-3.0.4.RELEASE.jar:/opt/development/maven-repo/commons-logging/commons-logging/1.1.1/commons-logging-1.1.1.jar:/opt/development/maven-repo/org/springframework/spring-expression/3.0.4.RELEASE/spring-expression-3.0.4.RELEASE.jar:/opt/development/maven-repo/org/springframework/spring-tx/3.0.4.RELEASE/spring-tx-3.0.4.RELEASE.jar:"/>
    <property name="java.vm.specification.version" value="1.0"/>
    <property name="sun.arch.data.model" value="64"/>
    <property name="java.home" value="/usr/lib/jvm/java-6-openjdk/jre"/>
    <property name="java.specification.vendor" value="Sun Microsystems Inc."/>
    <property name="user.language" value="en"/>
    <property name="java.vm.info" value="mixed mode"/>
    <property name="java.version" value="1.6.0_20"/>
    <property name="java.ext.dirs" value="/usr/lib/jvm/java-6-openjdk/jre/lib/ext:/usr/java/packages/lib/ext"/>
    <property name="sun.boot.class.path" value="/usr/lib/jvm/java-6-openjdk/jre/lib/resources.jar:/usr/lib/jvm/java-6-openjdk/jre/lib/rt.jar:/usr/lib/jvm/java-6-openjdk/jre/lib/sunrsasign.jar:/usr/lib/jvm/java-6-openjdk/jre/lib/jsse.jar:/usr/lib/jvm/java-6-openjdk/jre/lib/jce.jar:/usr/lib/jvm/java-6-openjdk/jre/lib/charsets.jar:/usr/lib/jvm/java-6-openjdk/jre/lib/netx.jar:/usr/lib/jvm/java-6-openjdk/jre/lib/plugin.jar:/usr/lib/jvm/java-6-openjdk/jre/lib/rhino.jar:/usr/lib/jvm/java-6-openjdk/jre/lib/modules/jdk.boot.jar:/usr/lib/jvm/java-6-openjdk/jre/classes"/>
    <property name="java.vendor" value="Sun Microsystems Inc."/>
    <property name="localRepository" value="/opt/development/maven-repo"/>
    <property name="file.separator" value="/"/>
    <property name="java.vendor.url.bug" value="http://java.sun.com/cgi-bin/bugreport.cgi"/>
    <property name="sun.cpu.endian" value="little"/>
    <property name="sun.io.unicode.encoding" value="UnicodeLittle"/>
    <property name="sun.desktop" value="gnome"/>
    <property name="sun.cpu.isalist" value=""/>
  </properties>
  <testcase time="0.222" classname="org.apache.camel.component.hazelcast.TestHazelcastMapProducer" name="testPut"/>
  <testcase time="0.202" classname="org.apache.camel.component.hazelcast.TestHazelcastMapProducer" name="testUpdate"/>
  <testcase time="0.212" classname="org.apache.camel.component.hazelcast.TestHazelcastMapProducer" name="testGet"/>
  <testcase time="0.21" classname="org.apache.camel.component.hazelcast.TestHazelcastMapProducer" name="testDelete"/>
  <testcase time="0.203" classname="org.apache.camel.component.hazelcast.TestHazelcastMapProducer" name="testQuery">
    <failure message="null" type="junit.framework.AssertionFailedError">junit.framework.AssertionFailedError: null
	at junit.framework.Assert.fail(Assert.java:47)
	at junit.framework.Assert.fail(Assert.java:53)
	at org.apache.camel.component.hazelcast.TestHazelcastMapProducer.testQuery(TestHazelcastMapProducer.java:82)
	at sun.reflect.NativeMethodAccessorImpl.invoke0(Native Method)
	at sun.reflect.NativeMethodAccessorImpl.invoke(NativeMethodAccessorImpl.java:57)
	at sun.reflect.DelegatingMethodAccessorImpl.invoke(DelegatingMethodAccessorImpl.java:43)
	at java.lang.reflect.Method.invoke(Method.java:616)
	at junit.framework.TestCase.runTest(TestCase.java:168)
	at junit.framework.TestCase.runBare(TestCase.java:134)
	at org.apache.camel.test.TestSupport.runBare(TestSupport.java:65)
	at junit.framework.TestResult$1.protect(TestResult.java:110)
	at junit.framework.TestResult.runProtected(TestResult.java:128)
	at junit.framework.TestResult.run(TestResult.java:113)
	at junit.framework.TestCase.run(TestCase.java:124)
	at junit.framework.TestSuite.runTest(TestSuite.java:232)
	at junit.framework.TestSuite.run(TestSuite.java:227)
	at org.junit.internal.runners.JUnit38ClassRunner.run(JUnit38ClassRunner.java:83)
	at org.apache.maven.surefire.junit4.JUnit4TestSet.execute(JUnit4TestSet.java:62)
	at org.apache.maven.surefire.suite.AbstractDirectoryTestSuite.executeTestSet(AbstractDirectoryTestSuite.java:140)
	at org.apache.maven.surefire.suite.AbstractDirectoryTestSuite.execute(AbstractDirectoryTestSuite.java:127)
	at org.apache.maven.surefire.Surefire.run(Surefire.java:177)
	at sun.reflect.NativeMethodAccessorImpl.invoke0(Native Method)
	at sun.reflect.NativeMethodAccessorImpl.invoke(NativeMethodAccessorImpl.java:57)
	at sun.reflect.DelegatingMethodAccessorImpl.invoke(DelegatingMethodAccessorImpl.java:43)
	at java.lang.reflect.Method.invoke(Method.java:616)
	at org.apache.maven.surefire.booter.SurefireBooter.runSuitesInProcess(SurefireBooter.java:345)
	at org.apache.maven.surefire.booter.SurefireBooter.main(SurefireBooter.java:1009)
</failure>
  </testcase>
</testsuite>